<?xml version="1.0" encoding="UTF-8"?>
<!-- Generated by org.testng.reporters.JUnitXMLReporter -->
<testsuite ignored="0" hostname="v-frontend" failures="0" tests="19" name="Default test" time="260.957" errors="0" timestamp="2022-11-02T22:20:51 IST">
  <testcase classname="testModules.UserAccountTest" name="testLoginLogout" time="15.003"/>
  <testcase classname="testModules.UserAccountTest" name="testLoginLogout" time="14.481"/>
  <testcase classname="testModules.UserAccountTest" name="testLoginLogout" time="12.839"/>
  <testcase classname="testModules.UserAccountTest" name="testLoginLogout" time="8.0"/>
  <testcase classname="testModules.UserAccountTest" name="testLoginLogout" time="14.838"/>
  <testcase classname="testModules.UserAccountTest" name="testLoginLogout" time="13.37"/>
  <testcase classname="testModules.UserAccountTest" name="testLoginLogout" time="8.092"/>
  <testcase classname="testModules.UserAccountTest" name="testLoginLogout" time="14.69"/>
  <testcase classname="testModules.UserAccountTest" name="testLoginLogout" time="13.653"/>
  <testcase classname="testModules.UserAccountTest" name="testLoginLogout" time="15.159"/>
  <testcase classname="testModules.UserAccountTest" name="testLoginLogout" time="15.153"/>
  <testcase classname="testModules.UserAccountTest" name="testLoginLogout" time="14.964"/>
  <testcase classname="testModules.UserAccountTest" name="testLoginLogout" time="13.603"/>
  <testcase classname="testModules.UserAccountTest" name="testLoginLogout" time="14.747"/>
  <testcase classname="testModules.UserAccountTest" name="testLoginLogout" time="15.319"/>
  <testcase classname="testModules.UserAccountTest" name="testLoginLogout" time="10.339"/>
  <testcase classname="testModules.UserAccountTest" name="testLoginLogout" time="10.446"/>
  <testcase classname="testModules.UserAccountTest" name="testLoginLogout" time="10.111"/>
  <testcase classname="testModules.UserAccountTest" name="testLoginLogout" time="9.875"/>
</testsuite> <!-- Default test -->
