<?xml version="1.0" encoding="UTF-8"?>
<testng-results ignored="0" total="1" passed="1" failed="0" skipped="0">
  <reporter-output>
  </reporter-output>
  <suite started-at="2022-10-25T12:36:50 IST" name="Default suite" finished-at="2022-10-25T12:37:21 IST" duration-ms="30650">
    <groups>
    </groups>
    <test started-at="2022-10-25T12:36:50 IST" name="Default test" finished-at="2022-10-25T12:37:21 IST" duration-ms="30650">
      <class name="testModules.mainPageTest">
        <test-method is-config="true" signature="beforeTest()[pri:0, instance:testModules.mainPageTest@1ffaf86]" started-at="2022-10-25T12:36:50 IST" name="beforeTest" finished-at="2022-10-25T12:36:50 IST" duration-ms="16" status="PASS">
          <reporter-output>
          </reporter-output>
        </test-method> <!-- beforeTest -->
        <test-method signature="f()[pri:0, instance:testModules.mainPageTest@1ffaf86]" started-at="2022-10-25T12:36:50 IST" name="f" finished-at="2022-10-25T12:37:21 IST" duration-ms="30562" status="PASS">
          <reporter-output>
          </reporter-output>
        </test-method> <!-- f -->
        <test-method is-config="true" signature="afterTest()[pri:0, instance:testModules.mainPageTest@1ffaf86]" started-at="2022-10-25T12:37:21 IST" name="afterTest" finished-at="2022-10-25T12:37:21 IST" duration-ms="0" status="PASS">
          <reporter-output>
          </reporter-output>
        </test-method> <!-- afterTest -->
      </class> <!-- testModules.mainPageTest -->
    </test> <!-- Default test -->
  </suite> <!-- Default suite -->
</testng-results>
