<?xml version="1.0" encoding="UTF-8"?>
<testng-results ignored="0" total="1" passed="1" failed="0" skipped="0">
  <reporter-output>
  </reporter-output>
  <suite started-at="2022-10-25T23:33:00 IST" name="Default suite" finished-at="2022-10-25T23:33:48 IST" duration-ms="47883">
    <groups>
    </groups>
    <test started-at="2022-10-25T23:33:00 IST" name="Default test" finished-at="2022-10-25T23:33:48 IST" duration-ms="47883">
      <class name="testModules.mainPageTest">
        <test-method is-config="true" signature="beforeTest()[pri:0, instance:testModules.mainPageTest@368247b9]" started-at="2022-10-25T23:33:00 IST" name="beforeTest" finished-at="2022-10-25T23:33:10 IST" duration-ms="10053" status="PASS">
          <reporter-output>
          </reporter-output>
        </test-method> <!-- beforeTest -->
        <test-method signature="fudduTest()[pri:0, instance:testModules.mainPageTest@368247b9]" started-at="2022-10-25T23:33:10 IST" name="fudduTest" finished-at="2022-10-25T23:33:43 IST" duration-ms="33504" status="PASS">
          <reporter-output>
          </reporter-output>
        </test-method> <!-- fudduTest -->
        <test-method is-config="true" signature="afterTest()[pri:0, instance:testModules.mainPageTest@368247b9]" started-at="2022-10-25T23:33:43 IST" name="afterTest" finished-at="2022-10-25T23:33:48 IST" duration-ms="4198" status="PASS">
          <reporter-output>
          </reporter-output>
        </test-method> <!-- afterTest -->
      </class> <!-- testModules.mainPageTest -->
    </test> <!-- Default test -->
  </suite> <!-- Default suite -->
</testng-results>
